[2017-09-25 11:18:47.685] [DEBUG] debugLogger - 
*************** debug log start ***************
key:msg
val:botting server..a.
*************** debug log end ***************

[2017-09-25 11:37:56.857] [DEBUG] debugLogger - 
*************** debug log start ***************
key:msg
val:botting server..a.
*************** debug log end ***************

[2017-09-25 11:38:00.646] [DEBUG] debugLogger - 
*************** debug log start ***************
key:msg
val:botting server..a.
*************** debug log end ***************

[2017-09-25 11:38:46.483] [DEBUG] debugLogger - 
*************** debug log start ***************
key:msg
val:botting server..a.
*************** debug log end ***************

[2017-09-25 11:40:03.315] [DEBUG] debugLogger - 
*************** debug log start ***************
key:msg
val:botting server..a.
*************** debug log end ***************

[2017-09-25 11:40:21.533] [DEBUG] debugLogger - 
*************** debug log start ***************
key:msg
val:botting server..a.
*************** debug log end ***************

[2017-09-25 11:40:30.534] [DEBUG] debugLogger - 
*************** debug log start ***************
key:msg
val:botting server..a.
*************** debug log end ***************

[2017-09-25 11:40:36.810] [DEBUG] debugLogger - 
*************** debug log start ***************
key:msg
val:botting server..a.
*************** debug log end ***************

[2017-09-25 11:40:45.676] [DEBUG] debugLogger - 
*************** debug log start ***************
key:msg
val:botting server..a.
*************** debug log end ***************

[2017-09-25 11:45:51.670] [DEBUG] debugLogger - 
*************** debug log start ***************
key:msg
val:botting server..a.
*************** debug log end ***************

[2017-09-25 11:50:58.804] [DEBUG] debugLogger - 
*************** debug log start ***************
key:msg
val:botting server..a.
*************** debug log end ***************

[2017-09-25 11:52:26.610] [DEBUG] debugLogger - 
*************** debug log start ***************
key:msg
val:botting server..a.
*************** debug log end ***************

