[2017-09-25 14:00:30.553] [DEBUG] debugLogger - 
*************** debug log start ***************
key:msg
val:botting server..a.
*************** debug log end ***************

[2017-09-25 14:00:52.015] [DEBUG] debugLogger - 
*************** debug log start ***************
key:msg
val:botting server..a.
*************** debug log end ***************

[2017-09-25 14:00:56.807] [DEBUG] debugLogger - 
*************** debug log start ***************
key:msg
val:botting server..a.
*************** debug log end ***************

[2017-09-25 14:01:12.740] [DEBUG] debugLogger - 
*************** debug log start ***************
key:msg
val:botting server..a.
*************** debug log end ***************

[2017-09-25 14:01:29.989] [DEBUG] debugLogger - 
*************** debug log start ***************
key:msg
val:botting server..a.
*************** debug log end ***************

[2017-09-25 14:01:52.944] [DEBUG] debugLogger - 
*************** debug log start ***************
key:msg
val:botting server..a.
*************** debug log end ***************

[2017-09-25 14:02:07.992] [DEBUG] debugLogger - 
*************** debug log start ***************
key:msg
val:botting server..a.
*************** debug log end ***************

[2017-09-25 14:03:21.121] [DEBUG] debugLogger - 
*************** debug log start ***************
key:msg
val:botting server..a.
*************** debug log end ***************

[2017-09-25 14:03:24.444] [DEBUG] debugLogger - 
*************** debug log start ***************
key:msg
val:botting server..a.
*************** debug log end ***************

[2017-09-25 14:05:12.898] [DEBUG] debugLogger - 
*************** debug log start ***************
key:msg
val:botting server..a.
*************** debug log end ***************

[2017-09-25 14:06:00.995] [DEBUG] debugLogger - 
*************** debug log start ***************
key:msg
val:botting server..a.
*************** debug log end ***************

[2017-09-25 14:06:51.321] [DEBUG] debugLogger - 
*************** debug log start ***************
key:msg
val:botting server..a.
*************** debug log end ***************

[2017-09-25 14:07:16.131] [DEBUG] debugLogger - 
*************** debug log start ***************
key:msg
val:botting server..a.
*************** debug log end ***************

[2017-09-25 14:07:22.145] [DEBUG] debugLogger - 
*************** debug log start ***************
key:msg
val:botting server..a.
*************** debug log end ***************

[2017-09-25 14:07:31.207] [DEBUG] debugLogger - 
*************** debug log start ***************
key:msg
val:botting server..a.
*************** debug log end ***************

[2017-09-25 14:07:48.286] [DEBUG] debugLogger - 
*************** debug log start ***************
key:msg
val:botting server..a.
*************** debug log end ***************

[2017-09-25 14:07:53.115] [DEBUG] debugLogger - 
*************** debug log start ***************
key:msg
val:botting server..a.
*************** debug log end ***************

[2017-09-25 14:07:57.018] [DEBUG] debugLogger - 
*************** debug log start ***************
key:msg
val:botting server..a.
*************** debug log end ***************

[2017-09-25 14:08:33.451] [DEBUG] debugLogger - 
*************** debug log start ***************
key:msg
val:botting server..a.
*************** debug log end ***************

[2017-09-25 14:08:37.459] [DEBUG] debugLogger - 
*************** debug log start ***************
key:msg
val:botting server..a.
*************** debug log end ***************

[2017-09-25 14:09:10.723] [DEBUG] debugLogger - 
*************** debug log start ***************
key:msg
val:botting server..a.
*************** debug log end ***************

[2017-09-25 14:09:29.060] [DEBUG] debugLogger - 
*************** debug log start ***************
key:msg
val:botting server..a.
*************** debug log end ***************

[2017-09-25 14:30:57.431] [DEBUG] debugLogger - 
*************** debug log start ***************
key:msg
val:botting server..a.
*************** debug log end ***************

[2017-09-25 14:30:58.878] [DEBUG] debugLogger - 
*************** debug log start ***************
key:msg
val:botting server..a.
*************** debug log end ***************

[2017-09-25 14:31:32.555] [DEBUG] debugLogger - 
*************** debug log start ***************
key:msg
val:botting server..a.
*************** debug log end ***************

[2017-09-25 14:31:34.972] [DEBUG] debugLogger - 
*************** debug log start ***************
key:msg
val:botting server..a.
*************** debug log end ***************

[2017-09-25 14:32:02.135] [DEBUG] debugLogger - 
*************** debug log start ***************
key:msg
val:botting server..a.
*************** debug log end ***************

[2017-09-25 14:32:06.127] [DEBUG] debugLogger - 
*************** debug log start ***************
key:msg
val:botting server..a.
*************** debug log end ***************

[2017-09-25 14:32:46.893] [DEBUG] debugLogger - 
*************** debug log start ***************
key:msg
val:botting server..a.
*************** debug log end ***************

[2017-09-25 14:35:16.312] [DEBUG] debugLogger - 
*************** debug log start ***************
key:msg
val:botting server..a.
*************** debug log end ***************

[2017-09-25 14:37:43.535] [DEBUG] debugLogger - 
*************** debug log start ***************
key:msg
val:botting server..a.
*************** debug log end ***************

[2017-09-25 14:42:58.165] [DEBUG] debugLogger - 
*************** debug log start ***************
key:msg
val:botting server..a.
*************** debug log end ***************

[2017-09-25 14:43:22.446] [DEBUG] debugLogger - 
*************** debug log start ***************
key:msg
val:botting server..a.
*************** debug log end ***************

[2017-09-25 14:44:28.194] [DEBUG] debugLogger - 
*************** debug log start ***************
key:msg
val:botting server..a.
*************** debug log end ***************

[2017-09-25 14:45:07.283] [DEBUG] debugLogger - 
*************** debug log start ***************
key:msg
val:botting server..a.
*************** debug log end ***************

[2017-09-25 14:46:05.201] [DEBUG] debugLogger - 
*************** debug log start ***************
key:msg
val:botting server..a.
*************** debug log end ***************

[2017-09-25 14:46:54.410] [DEBUG] debugLogger - 
*************** debug log start ***************
key:msg
val:botting server..a.
*************** debug log end ***************

[2017-09-25 14:47:00.660] [DEBUG] debugLogger - 
*************** debug log start ***************
key:msg
val:botting server..a.
*************** debug log end ***************

[2017-09-25 14:49:05.574] [DEBUG] debugLogger - 
*************** debug log start ***************
key:msg
val:botting server..a.
*************** debug log end ***************

[2017-09-25 14:49:15.736] [DEBUG] debugLogger - 
*************** debug log start ***************
key:msg
val:botting server..a.
*************** debug log end ***************

[2017-09-25 14:50:03.477] [DEBUG] debugLogger - 
*************** debug log start ***************
key:msg
val:botting server..a.
*************** debug log end ***************

[2017-09-25 14:50:07.693] [DEBUG] debugLogger - 
*************** debug log start ***************
key:login
val:pangwang
key:id
val:19640320
key:avatar_url
val:https://avatars3.githubusercontent.com/u/19640320?v=4
key:gravatar_id
val:
key:url
val:https://api.github.com/users/pangwang
key:html_url
val:https://github.com/pangwang
key:followers_url
val:https://api.github.com/users/pangwang/followers
key:following_url
val:https://api.github.com/users/pangwang/following{/other_user}
key:gists_url
val:https://api.github.com/users/pangwang/gists{/gist_id}
key:starred_url
val:https://api.github.com/users/pangwang/starred{/owner}{/repo}
key:subscriptions_url
val:https://api.github.com/users/pangwang/subscriptions
key:organizations_url
val:https://api.github.com/users/pangwang/orgs
key:repos_url
val:https://api.github.com/users/pangwang/repos
key:events_url
val:https://api.github.com/users/pangwang/events{/privacy}
key:received_events_url
val:https://api.github.com/users/pangwang/received_events
key:type
val:User
key:site_admin
val:false
key:name
val:null
key:company
val:null
key:blog
val:
key:location
val:null
key:email
val:null
key:hireable
val:null
key:bio
val:null
key:public_repos
val:2
key:public_gists
val:0
key:followers
val:0
key:following
val:0
key:created_at
val:2016-05-30T01:14:37Z
key:updated_at
val:2017-05-26T02:23:48Z
*************** debug log end ***************

[2017-09-25 14:50:22.962] [DEBUG] debugLogger - 
*************** debug log start ***************
key:msg
val:botting server..a.
*************** debug log end ***************

[2017-09-25 14:50:29.763] [DEBUG] debugLogger - 
*************** debug log start ***************
key:login
val:pangwang
key:id
val:19640320
key:avatar_url
val:https://avatars3.githubusercontent.com/u/19640320?v=4
key:gravatar_id
val:
key:url
val:https://api.github.com/users/pangwang
key:html_url
val:https://github.com/pangwang
key:followers_url
val:https://api.github.com/users/pangwang/followers
key:following_url
val:https://api.github.com/users/pangwang/following{/other_user}
key:gists_url
val:https://api.github.com/users/pangwang/gists{/gist_id}
key:starred_url
val:https://api.github.com/users/pangwang/starred{/owner}{/repo}
key:subscriptions_url
val:https://api.github.com/users/pangwang/subscriptions
key:organizations_url
val:https://api.github.com/users/pangwang/orgs
key:repos_url
val:https://api.github.com/users/pangwang/repos
key:events_url
val:https://api.github.com/users/pangwang/events{/privacy}
key:received_events_url
val:https://api.github.com/users/pangwang/received_events
key:type
val:User
key:site_admin
val:false
key:name
val:null
key:company
val:null
key:blog
val:
key:location
val:null
key:email
val:null
key:hireable
val:null
key:bio
val:null
key:public_repos
val:2
key:public_gists
val:0
key:followers
val:0
key:following
val:0
key:created_at
val:2016-05-30T01:14:37Z
key:updated_at
val:2017-05-26T02:23:48Z
*************** debug log end ***************

[2017-09-25 14:58:46.899] [DEBUG] debugLogger - 
*************** debug log start ***************
key:msg
val:botting server..a.
*************** debug log end ***************

