[2017-09-25 16:00:47.255] [DEBUG] debugLogger - 
*************** debug log start ***************
key:msg
val:botting server..a.
*************** debug log end ***************

[2017-09-25 16:01:49.385] [DEBUG] debugLogger - 
*************** debug log start ***************
key:msg
val:botting server..a.
*************** debug log end ***************

[2017-09-25 16:02:39.348] [DEBUG] debugLogger - 
*************** debug log start ***************
key:msg
val:botting server..a.
*************** debug log end ***************

[2017-09-25 16:03:30.781] [DEBUG] debugLogger - 
*************** debug log start ***************
key:msg
val:botting server..a.
*************** debug log end ***************

[2017-09-25 16:03:58.968] [DEBUG] debugLogger - 
*************** debug log start ***************
key:msg
val:botting server..a.
*************** debug log end ***************

[2017-09-25 16:04:54.324] [DEBUG] debugLogger - 
*************** debug log start ***************
key:msg
val:botting server..a.
*************** debug log end ***************

[2017-09-25 16:06:12.547] [DEBUG] debugLogger - 
*************** debug log start ***************
key:msg
val:botting server..a.
*************** debug log end ***************

[2017-09-25 16:11:07.357] [DEBUG] debugLogger - 
*************** debug log start ***************
key:msg
val:botting server..a.
*************** debug log end ***************

[2017-09-25 16:13:15.268] [DEBUG] debugLogger - 
*************** debug log start ***************
key:msg
val:botting server..a.
*************** debug log end ***************

[2017-09-25 16:14:41.794] [DEBUG] debugLogger - 
*************** debug log start ***************
key:msg
val:botting server..a.
*************** debug log end ***************

[2017-09-25 16:17:49.963] [DEBUG] debugLogger - 
*************** debug log start ***************
key:msg
val:botting server..a.
*************** debug log end ***************

[2017-09-25 16:19:14.817] [DEBUG] debugLogger - 
*************** debug log start ***************
key:msg
val:botting server..a.
*************** debug log end ***************

[2017-09-25 16:19:57.308] [DEBUG] debugLogger - 
*************** debug log start ***************
key:msg
val:botting server..a.
*************** debug log end ***************

[2017-09-25 16:20:07.699] [DEBUG] debugLogger - 
*************** debug log start ***************
key:msg
val:botting server..a.
*************** debug log end ***************

[2017-09-25 16:21:19.158] [DEBUG] debugLogger - 
*************** debug log start ***************
key:msg
val:botting server..a.
*************** debug log end ***************

[2017-09-25 16:24:54.924] [DEBUG] debugLogger - 
*************** debug log start ***************
key:msg
val:botting server..a.
*************** debug log end ***************

[2017-09-25 16:25:35.703] [DEBUG] debugLogger - 
*************** debug log start ***************
key:msg
val:botting server..a.
*************** debug log end ***************

[2017-09-25 16:26:41.966] [DEBUG] debugLogger - 
*************** debug log start ***************
key:msg
val:botting server..a.
*************** debug log end ***************

[2017-09-25 16:27:36.337] [DEBUG] debugLogger - 
*************** debug log start ***************
key:msg
val:botting server..a.
*************** debug log end ***************

[2017-09-25 16:28:31.147] [DEBUG] debugLogger - 
*************** debug log start ***************
key:msg
val:botting server..a.
*************** debug log end ***************

[2017-09-25 16:31:22.973] [DEBUG] debugLogger - 
*************** debug log start ***************
key:msg
val:botting server..a.
*************** debug log end ***************

[2017-09-25 16:31:50.527] [DEBUG] debugLogger - 
*************** debug log start ***************
key:msg
val:botting server..a.
*************** debug log end ***************

[2017-09-25 16:33:32.963] [DEBUG] debugLogger - 
*************** debug log start ***************
key:msg
val:botting server..a.
*************** debug log end ***************

[2017-09-25 16:35:18.626] [DEBUG] debugLogger - 
*************** debug log start ***************
key:msg
val:botting server..a.
*************** debug log end ***************

[2017-09-25 16:35:33.004] [DEBUG] debugLogger - 
*************** debug log start ***************
key:msg
val:botting server..a.
*************** debug log end ***************

[2017-09-25 16:35:50.858] [DEBUG] debugLogger - 
*************** debug log start ***************
key:msg
val:botting server..a.
*************** debug log end ***************

[2017-09-25 16:35:59.011] [DEBUG] debugLogger - 
*************** debug log start ***************
key:msg
val:botting server..a.
*************** debug log end ***************

[2017-09-25 16:36:29.264] [DEBUG] debugLogger - 
*************** debug log start ***************
key:msg
val:botting server..a.
*************** debug log end ***************

[2017-09-25 16:37:39.282] [DEBUG] debugLogger - 
*************** debug log start ***************
key:msg
val:botting server..a.
*************** debug log end ***************

[2017-09-25 16:44:24.290] [DEBUG] debugLogger - 
*************** debug log start ***************
key:msg
val:botting server..a.
*************** debug log end ***************

[2017-09-25 16:44:35.956] [DEBUG] debugLogger - 
*************** debug log start ***************
key:msg
val:botting server..a.
*************** debug log end ***************

[2017-09-25 16:44:48.373] [DEBUG] debugLogger - 
*************** debug log start ***************
key:msg
val:botting server..a.
*************** debug log end ***************

[2017-09-25 16:45:15.712] [DEBUG] debugLogger - 
*************** debug log start ***************
key:msg
val:botting server..a.
*************** debug log end ***************

[2017-09-25 16:46:05.598] [DEBUG] debugLogger - 
*************** debug log start ***************
key:msg
val:botting server..a.
*************** debug log end ***************

