[2017-09-25 21:00:36.711] [DEBUG] debugLogger - 
*************** debug log start ***************
key:msg
val:botting server..a.
*************** debug log end ***************

[2017-09-25 21:00:38.091] [DEBUG] debugLogger - 
*************** debug log start ***************
key:msg
val:botting server..a.
*************** debug log end ***************

[2017-09-25 21:01:06.984] [DEBUG] debugLogger - 
*************** debug log start ***************
key:msg
val:botting server..a.
*************** debug log end ***************

[2017-09-25 21:01:52.819] [DEBUG] debugLogger - 
*************** debug log start ***************
key:msg
val:botting server..a.
*************** debug log end ***************

[2017-09-25 21:24:35.363] [DEBUG] debugLogger - 
*************** debug log start ***************
key:msg
val:botting server..a.
*************** debug log end ***************

[2017-09-25 21:24:36.660] [DEBUG] debugLogger - 
*************** debug log start ***************
key:msg
val:botting server..a.
*************** debug log end ***************

[2017-09-25 21:24:50.509] [DEBUG] debugLogger - 
*************** debug log start ***************
key:msg
val:botting server..a.
*************** debug log end ***************

[2017-09-25 21:24:51.753] [DEBUG] debugLogger - 
*************** debug log start ***************
key:msg
val:botting server..a.
*************** debug log end ***************

[2017-09-25 21:24:57.254] [DEBUG] debugLogger - 
*************** debug log start ***************
key:msg
val:botting server..a.
*************** debug log end ***************

[2017-09-25 21:24:59.268] [DEBUG] debugLogger - 
*************** debug log start ***************
key:msg
val:botting server..a.
*************** debug log end ***************

[2017-09-25 21:25:18.074] [DEBUG] debugLogger - 
*************** debug log start ***************
key:msg
val:botting server..a.
*************** debug log end ***************

[2017-09-25 21:25:19.350] [DEBUG] debugLogger - 
*************** debug log start ***************
key:msg
val:botting server..a.
*************** debug log end ***************

[2017-09-25 21:25:25.927] [DEBUG] debugLogger - 
*************** debug log start ***************
key:msg
val:botting server..a.
*************** debug log end ***************

[2017-09-25 21:25:27.151] [DEBUG] debugLogger - 
*************** debug log start ***************
key:msg
val:botting server..a.
*************** debug log end ***************

[2017-09-25 21:25:32.852] [DEBUG] debugLogger - 
*************** debug log start ***************
key:msg
val:botting server..a.
*************** debug log end ***************

[2017-09-25 21:25:34.112] [DEBUG] debugLogger - 
*************** debug log start ***************
key:msg
val:botting server..a.
*************** debug log end ***************

[2017-09-25 21:26:46.926] [DEBUG] debugLogger - 
*************** debug log start ***************
key:msg
val:botting server..a.
*************** debug log end ***************

[2017-09-25 21:26:48.196] [DEBUG] debugLogger - 
*************** debug log start ***************
key:msg
val:botting server..a.
*************** debug log end ***************

[2017-09-25 21:27:14.139] [DEBUG] debugLogger - 
*************** debug log start ***************
key:msg
val:botting server..a.
*************** debug log end ***************

[2017-09-25 21:27:15.402] [DEBUG] debugLogger - 
*************** debug log start ***************
key:msg
val:botting server..a.
*************** debug log end ***************

[2017-09-25 21:27:40.520] [DEBUG] debugLogger - 
*************** debug log start ***************
key:msg
val:botting server..a.
*************** debug log end ***************

[2017-09-25 21:27:42.688] [DEBUG] debugLogger - 
*************** debug log start ***************
key:msg
val:botting server..a.
*************** debug log end ***************

[2017-09-25 21:28:18.519] [DEBUG] debugLogger - 
*************** debug log start ***************
key:msg
val:botting server..a.
*************** debug log end ***************

[2017-09-25 21:29:17.554] [DEBUG] debugLogger - 
*************** debug log start ***************
key:msg
val:botting server..a.
*************** debug log end ***************

[2017-09-25 21:31:28.378] [DEBUG] debugLogger - 
*************** debug log start ***************
key:msg
val:botting server..a.
*************** debug log end ***************

[2017-09-25 21:32:02.123] [DEBUG] debugLogger - 
*************** debug log start ***************
key:msg
val:botting server..a.
*************** debug log end ***************

[2017-09-25 21:32:24.034] [DEBUG] debugLogger - 
*************** debug log start ***************
key:msg
val:botting server..a.
*************** debug log end ***************

[2017-09-25 21:32:43.905] [DEBUG] debugLogger - 
*************** debug log start ***************
key:msg
val:botting server..a.
*************** debug log end ***************

[2017-09-25 21:33:54.339] [DEBUG] debugLogger - 
*************** debug log start ***************
key:msg
val:botting server..a.
*************** debug log end ***************

[2017-09-25 21:34:21.459] [DEBUG] debugLogger - 
*************** debug log start ***************
key:msg
val:botting server..a.
*************** debug log end ***************

[2017-09-25 21:34:33.203] [DEBUG] debugLogger - 
*************** debug log start ***************
key:msg
val:botting server..a.
*************** debug log end ***************

[2017-09-25 21:34:47.047] [DEBUG] debugLogger - 
*************** debug log start ***************
key:msg
val:botting server..a.
*************** debug log end ***************

[2017-09-25 21:34:51.317] [DEBUG] debugLogger - 
*************** debug log start ***************
key:msg
val:botting server..a.
*************** debug log end ***************

[2017-09-25 21:35:00.706] [DEBUG] debugLogger - 
*************** debug log start ***************
key:msg
val:botting server..a.
*************** debug log end ***************

[2017-09-25 21:35:04.783] [DEBUG] debugLogger - 
*************** debug log start ***************
key:msg
val:botting server..a.
*************** debug log end ***************

[2017-09-25 21:35:11.982] [DEBUG] debugLogger - 
*************** debug log start ***************
key:msg
val:botting server..a.
*************** debug log end ***************

[2017-09-25 21:35:15.934] [DEBUG] debugLogger - 
*************** debug log start ***************
key:msg
val:botting server..a.
*************** debug log end ***************

[2017-09-25 21:35:47.717] [DEBUG] debugLogger - 
*************** debug log start ***************
key:msg
val:botting server..a.
*************** debug log end ***************

[2017-09-25 21:36:14.980] [DEBUG] debugLogger - 
*************** debug log start ***************
key:msg
val:botting server..a.
*************** debug log end ***************

[2017-09-25 21:36:49.561] [DEBUG] debugLogger - 
*************** debug log start ***************
key:msg
val:botting server..a.
*************** debug log end ***************

[2017-09-25 21:37:00.747] [DEBUG] debugLogger - 
*************** debug log start ***************
key:msg
val:botting server..a.
*************** debug log end ***************

[2017-09-25 21:37:01.273] [DEBUG] debugLogger - 
*************** debug log start ***************
key:msg
val:botting server..a.
*************** debug log end ***************

[2017-09-25 21:37:01.846] [DEBUG] debugLogger - 
*************** debug log start ***************
key:msg
val:botting server..a.
*************** debug log end ***************

