[2017-09-25 15:06:29.792] [DEBUG] debugLogger - 
*************** debug log start ***************
key:msg
val:botting server..a.
*************** debug log end ***************

[2017-09-25 15:07:44.953] [DEBUG] debugLogger - 
*************** debug log start ***************
key:msg
val:botting server..a.
*************** debug log end ***************

[2017-09-25 15:11:59.116] [DEBUG] debugLogger - 
*************** debug log start ***************
key:msg
val:botting server..a.
*************** debug log end ***************

[2017-09-25 15:16:48.509] [DEBUG] debugLogger - 
*************** debug log start ***************
key:msg
val:botting server..a.
*************** debug log end ***************

[2017-09-25 15:16:54.288] [DEBUG] debugLogger - 
*************** debug log start ***************
key:login
val:pangwang
key:id
val:19640320
key:avatar_url
val:https://avatars3.githubusercontent.com/u/19640320?v=4
key:gravatar_id
val:
key:url
val:https://api.github.com/users/pangwang
key:html_url
val:https://github.com/pangwang
key:followers_url
val:https://api.github.com/users/pangwang/followers
key:following_url
val:https://api.github.com/users/pangwang/following{/other_user}
key:gists_url
val:https://api.github.com/users/pangwang/gists{/gist_id}
key:starred_url
val:https://api.github.com/users/pangwang/starred{/owner}{/repo}
key:subscriptions_url
val:https://api.github.com/users/pangwang/subscriptions
key:organizations_url
val:https://api.github.com/users/pangwang/orgs
key:repos_url
val:https://api.github.com/users/pangwang/repos
key:events_url
val:https://api.github.com/users/pangwang/events{/privacy}
key:received_events_url
val:https://api.github.com/users/pangwang/received_events
key:type
val:User
key:site_admin
val:false
key:name
val:null
key:company
val:null
key:blog
val:
key:location
val:null
key:email
val:null
key:hireable
val:null
key:bio
val:null
key:public_repos
val:2
key:public_gists
val:0
key:followers
val:0
key:following
val:0
key:created_at
val:2016-05-30T01:14:37Z
key:updated_at
val:2017-05-26T02:23:48Z
*************** debug log end ***************

[2017-09-25 15:17:08.879] [DEBUG] debugLogger - 
*************** debug log start ***************
key:msg
val:botting server..a.
*************** debug log end ***************

[2017-09-25 15:17:12.166] [DEBUG] debugLogger - 
*************** debug log start ***************
key:msg
val:botting server..a.
*************** debug log end ***************

[2017-09-25 15:17:17.941] [DEBUG] debugLogger - 
*************** debug log start ***************
key:login
val:pangwang
key:id
val:19640320
key:avatar_url
val:https://avatars3.githubusercontent.com/u/19640320?v=4
key:gravatar_id
val:
key:url
val:https://api.github.com/users/pangwang
key:html_url
val:https://github.com/pangwang
key:followers_url
val:https://api.github.com/users/pangwang/followers
key:following_url
val:https://api.github.com/users/pangwang/following{/other_user}
key:gists_url
val:https://api.github.com/users/pangwang/gists{/gist_id}
key:starred_url
val:https://api.github.com/users/pangwang/starred{/owner}{/repo}
key:subscriptions_url
val:https://api.github.com/users/pangwang/subscriptions
key:organizations_url
val:https://api.github.com/users/pangwang/orgs
key:repos_url
val:https://api.github.com/users/pangwang/repos
key:events_url
val:https://api.github.com/users/pangwang/events{/privacy}
key:received_events_url
val:https://api.github.com/users/pangwang/received_events
key:type
val:User
key:site_admin
val:false
key:name
val:null
key:company
val:null
key:blog
val:
key:location
val:null
key:email
val:null
key:hireable
val:null
key:bio
val:null
key:public_repos
val:2
key:public_gists
val:0
key:followers
val:0
key:following
val:0
key:created_at
val:2016-05-30T01:14:37Z
key:updated_at
val:2017-05-26T02:23:48Z
*************** debug log end ***************

[2017-09-25 15:18:02.668] [DEBUG] debugLogger - 
*************** debug log start ***************
key:msg
val:botting server..a.
*************** debug log end ***************

[2017-09-25 15:18:14.165] [DEBUG] debugLogger - 
*************** debug log start ***************
key:login
val:pangwang
key:id
val:19640320
key:avatar_url
val:https://avatars3.githubusercontent.com/u/19640320?v=4
key:gravatar_id
val:
key:url
val:https://api.github.com/users/pangwang
key:html_url
val:https://github.com/pangwang
key:followers_url
val:https://api.github.com/users/pangwang/followers
key:following_url
val:https://api.github.com/users/pangwang/following{/other_user}
key:gists_url
val:https://api.github.com/users/pangwang/gists{/gist_id}
key:starred_url
val:https://api.github.com/users/pangwang/starred{/owner}{/repo}
key:subscriptions_url
val:https://api.github.com/users/pangwang/subscriptions
key:organizations_url
val:https://api.github.com/users/pangwang/orgs
key:repos_url
val:https://api.github.com/users/pangwang/repos
key:events_url
val:https://api.github.com/users/pangwang/events{/privacy}
key:received_events_url
val:https://api.github.com/users/pangwang/received_events
key:type
val:User
key:site_admin
val:false
key:name
val:null
key:company
val:null
key:blog
val:
key:location
val:null
key:email
val:null
key:hireable
val:null
key:bio
val:null
key:public_repos
val:2
key:public_gists
val:0
key:followers
val:0
key:following
val:0
key:created_at
val:2016-05-30T01:14:37Z
key:updated_at
val:2017-05-26T02:23:48Z
*************** debug log end ***************

[2017-09-25 15:21:21.757] [DEBUG] debugLogger - 
*************** debug log start ***************
key:msg
val:botting server..a.
*************** debug log end ***************

[2017-09-25 15:21:28.185] [DEBUG] debugLogger - 
*************** debug log start ***************
key:login
val:panwang
key:id
val:6198434
key:avatar_url
val:https://avatars1.githubusercontent.com/u/6198434?v=4
key:gravatar_id
val:
key:url
val:https://api.github.com/users/panwang
key:html_url
val:https://github.com/panwang
key:followers_url
val:https://api.github.com/users/panwang/followers
key:following_url
val:https://api.github.com/users/panwang/following{/other_user}
key:gists_url
val:https://api.github.com/users/panwang/gists{/gist_id}
key:starred_url
val:https://api.github.com/users/panwang/starred{/owner}{/repo}
key:subscriptions_url
val:https://api.github.com/users/panwang/subscriptions
key:organizations_url
val:https://api.github.com/users/panwang/orgs
key:repos_url
val:https://api.github.com/users/panwang/repos
key:events_url
val:https://api.github.com/users/panwang/events{/privacy}
key:received_events_url
val:https://api.github.com/users/panwang/received_events
key:type
val:User
key:site_admin
val:false
key:name
val:Aron wang
key:company
val:null
key:blog
val:
key:location
val:null
key:email
val:null
key:hireable
val:null
key:bio
val:null
key:public_repos
val:27
key:public_gists
val:0
key:followers
val:0
key:following
val:1
key:created_at
val:2013-12-16T15:49:43Z
key:updated_at
val:2017-07-05T03:21:53Z
*************** debug log end ***************

[2017-09-25 15:21:28.748] [DEBUG] debugLogger - 
*************** debug log start ***************
key:login
val:panwang
key:id
val:6198434
key:avatar_url
val:https://avatars1.githubusercontent.com/u/6198434?v=4
key:gravatar_id
val:
key:url
val:https://api.github.com/users/panwang
key:html_url
val:https://github.com/panwang
key:followers_url
val:https://api.github.com/users/panwang/followers
key:following_url
val:https://api.github.com/users/panwang/following{/other_user}
key:gists_url
val:https://api.github.com/users/panwang/gists{/gist_id}
key:starred_url
val:https://api.github.com/users/panwang/starred{/owner}{/repo}
key:subscriptions_url
val:https://api.github.com/users/panwang/subscriptions
key:organizations_url
val:https://api.github.com/users/panwang/orgs
key:repos_url
val:https://api.github.com/users/panwang/repos
key:events_url
val:https://api.github.com/users/panwang/events{/privacy}
key:received_events_url
val:https://api.github.com/users/panwang/received_events
key:type
val:User
key:site_admin
val:false
key:name
val:Aron wang
key:company
val:null
key:blog
val:
key:location
val:null
key:email
val:null
key:hireable
val:null
key:bio
val:null
key:public_repos
val:27
key:public_gists
val:0
key:followers
val:0
key:following
val:1
key:created_at
val:2013-12-16T15:49:43Z
key:updated_at
val:2017-07-05T03:21:53Z
*************** debug log end ***************

[2017-09-25 15:21:36.772] [DEBUG] debugLogger - 
*************** debug log start ***************
key:login
val:pangwang
key:id
val:19640320
key:avatar_url
val:https://avatars3.githubusercontent.com/u/19640320?v=4
key:gravatar_id
val:
key:url
val:https://api.github.com/users/pangwang
key:html_url
val:https://github.com/pangwang
key:followers_url
val:https://api.github.com/users/pangwang/followers
key:following_url
val:https://api.github.com/users/pangwang/following{/other_user}
key:gists_url
val:https://api.github.com/users/pangwang/gists{/gist_id}
key:starred_url
val:https://api.github.com/users/pangwang/starred{/owner}{/repo}
key:subscriptions_url
val:https://api.github.com/users/pangwang/subscriptions
key:organizations_url
val:https://api.github.com/users/pangwang/orgs
key:repos_url
val:https://api.github.com/users/pangwang/repos
key:events_url
val:https://api.github.com/users/pangwang/events{/privacy}
key:received_events_url
val:https://api.github.com/users/pangwang/received_events
key:type
val:User
key:site_admin
val:false
key:name
val:null
key:company
val:null
key:blog
val:
key:location
val:null
key:email
val:null
key:hireable
val:null
key:bio
val:null
key:public_repos
val:2
key:public_gists
val:0
key:followers
val:0
key:following
val:0
key:created_at
val:2016-05-30T01:14:37Z
key:updated_at
val:2017-05-26T02:23:48Z
*************** debug log end ***************

[2017-09-25 15:21:37.377] [DEBUG] debugLogger - 
*************** debug log start ***************
key:login
val:pangwang
key:id
val:19640320
key:avatar_url
val:https://avatars3.githubusercontent.com/u/19640320?v=4
key:gravatar_id
val:
key:url
val:https://api.github.com/users/pangwang
key:html_url
val:https://github.com/pangwang
key:followers_url
val:https://api.github.com/users/pangwang/followers
key:following_url
val:https://api.github.com/users/pangwang/following{/other_user}
key:gists_url
val:https://api.github.com/users/pangwang/gists{/gist_id}
key:starred_url
val:https://api.github.com/users/pangwang/starred{/owner}{/repo}
key:subscriptions_url
val:https://api.github.com/users/pangwang/subscriptions
key:organizations_url
val:https://api.github.com/users/pangwang/orgs
key:repos_url
val:https://api.github.com/users/pangwang/repos
key:events_url
val:https://api.github.com/users/pangwang/events{/privacy}
key:received_events_url
val:https://api.github.com/users/pangwang/received_events
key:type
val:User
key:site_admin
val:false
key:name
val:null
key:company
val:null
key:blog
val:
key:location
val:null
key:email
val:null
key:hireable
val:null
key:bio
val:null
key:public_repos
val:2
key:public_gists
val:0
key:followers
val:0
key:following
val:0
key:created_at
val:2016-05-30T01:14:37Z
key:updated_at
val:2017-05-26T02:23:48Z
*************** debug log end ***************

[2017-09-25 15:21:37.737] [DEBUG] debugLogger - 
*************** debug log start ***************
key:login
val:pangwang
key:id
val:19640320
key:avatar_url
val:https://avatars3.githubusercontent.com/u/19640320?v=4
key:gravatar_id
val:
key:url
val:https://api.github.com/users/pangwang
key:html_url
val:https://github.com/pangwang
key:followers_url
val:https://api.github.com/users/pangwang/followers
key:following_url
val:https://api.github.com/users/pangwang/following{/other_user}
key:gists_url
val:https://api.github.com/users/pangwang/gists{/gist_id}
key:starred_url
val:https://api.github.com/users/pangwang/starred{/owner}{/repo}
key:subscriptions_url
val:https://api.github.com/users/pangwang/subscriptions
key:organizations_url
val:https://api.github.com/users/pangwang/orgs
key:repos_url
val:https://api.github.com/users/pangwang/repos
key:events_url
val:https://api.github.com/users/pangwang/events{/privacy}
key:received_events_url
val:https://api.github.com/users/pangwang/received_events
key:type
val:User
key:site_admin
val:false
key:name
val:null
key:company
val:null
key:blog
val:
key:location
val:null
key:email
val:null
key:hireable
val:null
key:bio
val:null
key:public_repos
val:2
key:public_gists
val:0
key:followers
val:0
key:following
val:0
key:created_at
val:2016-05-30T01:14:37Z
key:updated_at
val:2017-05-26T02:23:48Z
*************** debug log end ***************

[2017-09-25 15:21:38.158] [DEBUG] debugLogger - 
*************** debug log start ***************
key:login
val:pangwang
key:id
val:19640320
key:avatar_url
val:https://avatars3.githubusercontent.com/u/19640320?v=4
key:gravatar_id
val:
key:url
val:https://api.github.com/users/pangwang
key:html_url
val:https://github.com/pangwang
key:followers_url
val:https://api.github.com/users/pangwang/followers
key:following_url
val:https://api.github.com/users/pangwang/following{/other_user}
key:gists_url
val:https://api.github.com/users/pangwang/gists{/gist_id}
key:starred_url
val:https://api.github.com/users/pangwang/starred{/owner}{/repo}
key:subscriptions_url
val:https://api.github.com/users/pangwang/subscriptions
key:organizations_url
val:https://api.github.com/users/pangwang/orgs
key:repos_url
val:https://api.github.com/users/pangwang/repos
key:events_url
val:https://api.github.com/users/pangwang/events{/privacy}
key:received_events_url
val:https://api.github.com/users/pangwang/received_events
key:type
val:User
key:site_admin
val:false
key:name
val:null
key:company
val:null
key:blog
val:
key:location
val:null
key:email
val:null
key:hireable
val:null
key:bio
val:null
key:public_repos
val:2
key:public_gists
val:0
key:followers
val:0
key:following
val:0
key:created_at
val:2016-05-30T01:14:37Z
key:updated_at
val:2017-05-26T02:23:48Z
*************** debug log end ***************

[2017-09-25 15:21:38.570] [DEBUG] debugLogger - 
*************** debug log start ***************
key:login
val:pangwang
key:id
val:19640320
key:avatar_url
val:https://avatars3.githubusercontent.com/u/19640320?v=4
key:gravatar_id
val:
key:url
val:https://api.github.com/users/pangwang
key:html_url
val:https://github.com/pangwang
key:followers_url
val:https://api.github.com/users/pangwang/followers
key:following_url
val:https://api.github.com/users/pangwang/following{/other_user}
key:gists_url
val:https://api.github.com/users/pangwang/gists{/gist_id}
key:starred_url
val:https://api.github.com/users/pangwang/starred{/owner}{/repo}
key:subscriptions_url
val:https://api.github.com/users/pangwang/subscriptions
key:organizations_url
val:https://api.github.com/users/pangwang/orgs
key:repos_url
val:https://api.github.com/users/pangwang/repos
key:events_url
val:https://api.github.com/users/pangwang/events{/privacy}
key:received_events_url
val:https://api.github.com/users/pangwang/received_events
key:type
val:User
key:site_admin
val:false
key:name
val:null
key:company
val:null
key:blog
val:
key:location
val:null
key:email
val:null
key:hireable
val:null
key:bio
val:null
key:public_repos
val:2
key:public_gists
val:0
key:followers
val:0
key:following
val:0
key:created_at
val:2016-05-30T01:14:37Z
key:updated_at
val:2017-05-26T02:23:48Z
*************** debug log end ***************

[2017-09-25 15:21:38.885] [DEBUG] debugLogger - 
*************** debug log start ***************
key:login
val:pangwang
key:id
val:19640320
key:avatar_url
val:https://avatars3.githubusercontent.com/u/19640320?v=4
key:gravatar_id
val:
key:url
val:https://api.github.com/users/pangwang
key:html_url
val:https://github.com/pangwang
key:followers_url
val:https://api.github.com/users/pangwang/followers
key:following_url
val:https://api.github.com/users/pangwang/following{/other_user}
key:gists_url
val:https://api.github.com/users/pangwang/gists{/gist_id}
key:starred_url
val:https://api.github.com/users/pangwang/starred{/owner}{/repo}
key:subscriptions_url
val:https://api.github.com/users/pangwang/subscriptions
key:organizations_url
val:https://api.github.com/users/pangwang/orgs
key:repos_url
val:https://api.github.com/users/pangwang/repos
key:events_url
val:https://api.github.com/users/pangwang/events{/privacy}
key:received_events_url
val:https://api.github.com/users/pangwang/received_events
key:type
val:User
key:site_admin
val:false
key:name
val:null
key:company
val:null
key:blog
val:
key:location
val:null
key:email
val:null
key:hireable
val:null
key:bio
val:null
key:public_repos
val:2
key:public_gists
val:0
key:followers
val:0
key:following
val:0
key:created_at
val:2016-05-30T01:14:37Z
key:updated_at
val:2017-05-26T02:23:48Z
*************** debug log end ***************

[2017-09-25 15:21:39.326] [DEBUG] debugLogger - 
*************** debug log start ***************
key:login
val:pangwang
key:id
val:19640320
key:avatar_url
val:https://avatars3.githubusercontent.com/u/19640320?v=4
key:gravatar_id
val:
key:url
val:https://api.github.com/users/pangwang
key:html_url
val:https://github.com/pangwang
key:followers_url
val:https://api.github.com/users/pangwang/followers
key:following_url
val:https://api.github.com/users/pangwang/following{/other_user}
key:gists_url
val:https://api.github.com/users/pangwang/gists{/gist_id}
key:starred_url
val:https://api.github.com/users/pangwang/starred{/owner}{/repo}
key:subscriptions_url
val:https://api.github.com/users/pangwang/subscriptions
key:organizations_url
val:https://api.github.com/users/pangwang/orgs
key:repos_url
val:https://api.github.com/users/pangwang/repos
key:events_url
val:https://api.github.com/users/pangwang/events{/privacy}
key:received_events_url
val:https://api.github.com/users/pangwang/received_events
key:type
val:User
key:site_admin
val:false
key:name
val:null
key:company
val:null
key:blog
val:
key:location
val:null
key:email
val:null
key:hireable
val:null
key:bio
val:null
key:public_repos
val:2
key:public_gists
val:0
key:followers
val:0
key:following
val:0
key:created_at
val:2016-05-30T01:14:37Z
key:updated_at
val:2017-05-26T02:23:48Z
*************** debug log end ***************

[2017-09-25 15:21:39.768] [DEBUG] debugLogger - 
*************** debug log start ***************
key:login
val:pangwang
key:id
val:19640320
key:avatar_url
val:https://avatars3.githubusercontent.com/u/19640320?v=4
key:gravatar_id
val:
key:url
val:https://api.github.com/users/pangwang
key:html_url
val:https://github.com/pangwang
key:followers_url
val:https://api.github.com/users/pangwang/followers
key:following_url
val:https://api.github.com/users/pangwang/following{/other_user}
key:gists_url
val:https://api.github.com/users/pangwang/gists{/gist_id}
key:starred_url
val:https://api.github.com/users/pangwang/starred{/owner}{/repo}
key:subscriptions_url
val:https://api.github.com/users/pangwang/subscriptions
key:organizations_url
val:https://api.github.com/users/pangwang/orgs
key:repos_url
val:https://api.github.com/users/pangwang/repos
key:events_url
val:https://api.github.com/users/pangwang/events{/privacy}
key:received_events_url
val:https://api.github.com/users/pangwang/received_events
key:type
val:User
key:site_admin
val:false
key:name
val:null
key:company
val:null
key:blog
val:
key:location
val:null
key:email
val:null
key:hireable
val:null
key:bio
val:null
key:public_repos
val:2
key:public_gists
val:0
key:followers
val:0
key:following
val:0
key:created_at
val:2016-05-30T01:14:37Z
key:updated_at
val:2017-05-26T02:23:48Z
*************** debug log end ***************

[2017-09-25 15:21:40.113] [DEBUG] debugLogger - 
*************** debug log start ***************
key:login
val:pangwang
key:id
val:19640320
key:avatar_url
val:https://avatars3.githubusercontent.com/u/19640320?v=4
key:gravatar_id
val:
key:url
val:https://api.github.com/users/pangwang
key:html_url
val:https://github.com/pangwang
key:followers_url
val:https://api.github.com/users/pangwang/followers
key:following_url
val:https://api.github.com/users/pangwang/following{/other_user}
key:gists_url
val:https://api.github.com/users/pangwang/gists{/gist_id}
key:starred_url
val:https://api.github.com/users/pangwang/starred{/owner}{/repo}
key:subscriptions_url
val:https://api.github.com/users/pangwang/subscriptions
key:organizations_url
val:https://api.github.com/users/pangwang/orgs
key:repos_url
val:https://api.github.com/users/pangwang/repos
key:events_url
val:https://api.github.com/users/pangwang/events{/privacy}
key:received_events_url
val:https://api.github.com/users/pangwang/received_events
key:type
val:User
key:site_admin
val:false
key:name
val:null
key:company
val:null
key:blog
val:
key:location
val:null
key:email
val:null
key:hireable
val:null
key:bio
val:null
key:public_repos
val:2
key:public_gists
val:0
key:followers
val:0
key:following
val:0
key:created_at
val:2016-05-30T01:14:37Z
key:updated_at
val:2017-05-26T02:23:48Z
*************** debug log end ***************

[2017-09-25 15:22:16.329] [DEBUG] debugLogger - 
*************** debug log start ***************
key:msg
val:botting server..a.
*************** debug log end ***************

[2017-09-25 15:22:22.481] [DEBUG] debugLogger - 
*************** debug log start ***************
key:login
val:panwang
key:id
val:6198434
key:avatar_url
val:https://avatars1.githubusercontent.com/u/6198434?v=4
key:gravatar_id
val:
key:url
val:https://api.github.com/users/panwang
key:html_url
val:https://github.com/panwang
key:followers_url
val:https://api.github.com/users/panwang/followers
key:following_url
val:https://api.github.com/users/panwang/following{/other_user}
key:gists_url
val:https://api.github.com/users/panwang/gists{/gist_id}
key:starred_url
val:https://api.github.com/users/panwang/starred{/owner}{/repo}
key:subscriptions_url
val:https://api.github.com/users/panwang/subscriptions
key:organizations_url
val:https://api.github.com/users/panwang/orgs
key:repos_url
val:https://api.github.com/users/panwang/repos
key:events_url
val:https://api.github.com/users/panwang/events{/privacy}
key:received_events_url
val:https://api.github.com/users/panwang/received_events
key:type
val:User
key:site_admin
val:false
key:name
val:Aron wang
key:company
val:null
key:blog
val:
key:location
val:null
key:email
val:null
key:hireable
val:null
key:bio
val:null
key:public_repos
val:27
key:public_gists
val:0
key:followers
val:0
key:following
val:1
key:created_at
val:2013-12-16T15:49:43Z
key:updated_at
val:2017-07-05T03:21:53Z
*************** debug log end ***************

[2017-09-25 15:22:25.230] [DEBUG] debugLogger - 
*************** debug log start ***************
key:login
val:pangwang
key:id
val:19640320
key:avatar_url
val:https://avatars3.githubusercontent.com/u/19640320?v=4
key:gravatar_id
val:
key:url
val:https://api.github.com/users/pangwang
key:html_url
val:https://github.com/pangwang
key:followers_url
val:https://api.github.com/users/pangwang/followers
key:following_url
val:https://api.github.com/users/pangwang/following{/other_user}
key:gists_url
val:https://api.github.com/users/pangwang/gists{/gist_id}
key:starred_url
val:https://api.github.com/users/pangwang/starred{/owner}{/repo}
key:subscriptions_url
val:https://api.github.com/users/pangwang/subscriptions
key:organizations_url
val:https://api.github.com/users/pangwang/orgs
key:repos_url
val:https://api.github.com/users/pangwang/repos
key:events_url
val:https://api.github.com/users/pangwang/events{/privacy}
key:received_events_url
val:https://api.github.com/users/pangwang/received_events
key:type
val:User
key:site_admin
val:false
key:name
val:null
key:company
val:null
key:blog
val:
key:location
val:null
key:email
val:null
key:hireable
val:null
key:bio
val:null
key:public_repos
val:2
key:public_gists
val:0
key:followers
val:0
key:following
val:0
key:created_at
val:2016-05-30T01:14:37Z
key:updated_at
val:2017-05-26T02:23:48Z
*************** debug log end ***************

[2017-09-25 15:25:43.747] [DEBUG] debugLogger - 
*************** debug log start ***************
key:login
val:pangwang
key:id
val:19640320
key:avatar_url
val:https://avatars3.githubusercontent.com/u/19640320?v=4
key:gravatar_id
val:
key:url
val:https://api.github.com/users/pangwang
key:html_url
val:https://github.com/pangwang
key:followers_url
val:https://api.github.com/users/pangwang/followers
key:following_url
val:https://api.github.com/users/pangwang/following{/other_user}
key:gists_url
val:https://api.github.com/users/pangwang/gists{/gist_id}
key:starred_url
val:https://api.github.com/users/pangwang/starred{/owner}{/repo}
key:subscriptions_url
val:https://api.github.com/users/pangwang/subscriptions
key:organizations_url
val:https://api.github.com/users/pangwang/orgs
key:repos_url
val:https://api.github.com/users/pangwang/repos
key:events_url
val:https://api.github.com/users/pangwang/events{/privacy}
key:received_events_url
val:https://api.github.com/users/pangwang/received_events
key:type
val:User
key:site_admin
val:false
key:name
val:null
key:company
val:null
key:blog
val:
key:location
val:null
key:email
val:null
key:hireable
val:null
key:bio
val:null
key:public_repos
val:2
key:public_gists
val:0
key:followers
val:0
key:following
val:0
key:created_at
val:2016-05-30T01:14:37Z
key:updated_at
val:2017-05-26T02:23:48Z
*************** debug log end ***************

[2017-09-25 15:26:21.830] [DEBUG] debugLogger - 
*************** debug log start ***************
key:msg
val:botting server..a.
*************** debug log end ***************

[2017-09-25 15:26:24.424] [DEBUG] debugLogger - 
*************** debug log start ***************
key:login
val:pangwang
key:id
val:19640320
key:avatar_url
val:https://avatars3.githubusercontent.com/u/19640320?v=4
key:gravatar_id
val:
key:url
val:https://api.github.com/users/pangwang
key:html_url
val:https://github.com/pangwang
key:followers_url
val:https://api.github.com/users/pangwang/followers
key:following_url
val:https://api.github.com/users/pangwang/following{/other_user}
key:gists_url
val:https://api.github.com/users/pangwang/gists{/gist_id}
key:starred_url
val:https://api.github.com/users/pangwang/starred{/owner}{/repo}
key:subscriptions_url
val:https://api.github.com/users/pangwang/subscriptions
key:organizations_url
val:https://api.github.com/users/pangwang/orgs
key:repos_url
val:https://api.github.com/users/pangwang/repos
key:events_url
val:https://api.github.com/users/pangwang/events{/privacy}
key:received_events_url
val:https://api.github.com/users/pangwang/received_events
key:type
val:User
key:site_admin
val:false
key:name
val:null
key:company
val:null
key:blog
val:
key:location
val:null
key:email
val:null
key:hireable
val:null
key:bio
val:null
key:public_repos
val:2
key:public_gists
val:0
key:followers
val:0
key:following
val:0
key:created_at
val:2016-05-30T01:14:37Z
key:updated_at
val:2017-05-26T02:23:48Z
*************** debug log end ***************

[2017-09-25 15:28:44.619] [DEBUG] debugLogger - 
*************** debug log start ***************
key:msg
val:botting server..a.
*************** debug log end ***************

[2017-09-25 15:28:58.727] [DEBUG] debugLogger - 
*************** debug log start ***************
key:msg
val:botting server..a.
*************** debug log end ***************

[2017-09-25 15:29:01.742] [DEBUG] debugLogger - 
*************** debug log start ***************
key:login
val:pangwang
key:id
val:19640320
key:avatar_url
val:https://avatars3.githubusercontent.com/u/19640320?v=4
key:gravatar_id
val:
key:url
val:https://api.github.com/users/pangwang
key:html_url
val:https://github.com/pangwang
key:followers_url
val:https://api.github.com/users/pangwang/followers
key:following_url
val:https://api.github.com/users/pangwang/following{/other_user}
key:gists_url
val:https://api.github.com/users/pangwang/gists{/gist_id}
key:starred_url
val:https://api.github.com/users/pangwang/starred{/owner}{/repo}
key:subscriptions_url
val:https://api.github.com/users/pangwang/subscriptions
key:organizations_url
val:https://api.github.com/users/pangwang/orgs
key:repos_url
val:https://api.github.com/users/pangwang/repos
key:events_url
val:https://api.github.com/users/pangwang/events{/privacy}
key:received_events_url
val:https://api.github.com/users/pangwang/received_events
key:type
val:User
key:site_admin
val:false
key:name
val:null
key:company
val:null
key:blog
val:
key:location
val:null
key:email
val:null
key:hireable
val:null
key:bio
val:null
key:public_repos
val:2
key:public_gists
val:0
key:followers
val:0
key:following
val:0
key:created_at
val:2016-05-30T01:14:37Z
key:updated_at
val:2017-05-26T02:23:48Z
*************** debug log end ***************

[2017-09-25 15:30:17.838] [DEBUG] debugLogger - 
*************** debug log start ***************
key:msg
val:botting server..a.
*************** debug log end ***************

[2017-09-25 15:30:26.681] [DEBUG] debugLogger - 
*************** debug log start ***************
key:msg
val:botting server..a.
*************** debug log end ***************

[2017-09-25 15:30:29.277] [DEBUG] debugLogger - 
*************** debug log start ***************
key:msg
val:botting server..a.
*************** debug log end ***************

[2017-09-25 15:30:53.252] [DEBUG] debugLogger - 
*************** debug log start ***************
key:login
val:nicky-lau
key:id
val:12084271
key:avatar_url
val:https://avatars1.githubusercontent.com/u/12084271?v=4
key:gravatar_id
val:
key:url
val:https://api.github.com/users/nicky-lau
key:html_url
val:https://github.com/nicky-lau
key:followers_url
val:https://api.github.com/users/nicky-lau/followers
key:following_url
val:https://api.github.com/users/nicky-lau/following{/other_user}
key:gists_url
val:https://api.github.com/users/nicky-lau/gists{/gist_id}
key:starred_url
val:https://api.github.com/users/nicky-lau/starred{/owner}{/repo}
key:subscriptions_url
val:https://api.github.com/users/nicky-lau/subscriptions
key:organizations_url
val:https://api.github.com/users/nicky-lau/orgs
key:repos_url
val:https://api.github.com/users/nicky-lau/repos
key:events_url
val:https://api.github.com/users/nicky-lau/events{/privacy}
key:received_events_url
val:https://api.github.com/users/nicky-lau/received_events
key:type
val:User
key:site_admin
val:false
key:name
val:liu zhuang
key:company
val:null
key:blog
val:http://liu-zhuang.github.io
key:location
val:Shang Hai,China
key:email
val:null
key:hireable
val:null
key:bio
val:null
key:public_repos
val:14
key:public_gists
val:0
key:followers
val:6
key:following
val:10
key:created_at
val:2015-04-23T12:36:38Z
key:updated_at
val:2017-09-19T13:27:02Z
*************** debug log end ***************

[2017-09-25 15:31:07.474] [DEBUG] debugLogger - 
*************** debug log start ***************
key:login
val:pangwang
key:id
val:19640320
key:avatar_url
val:https://avatars3.githubusercontent.com/u/19640320?v=4
key:gravatar_id
val:
key:url
val:https://api.github.com/users/pangwang
key:html_url
val:https://github.com/pangwang
key:followers_url
val:https://api.github.com/users/pangwang/followers
key:following_url
val:https://api.github.com/users/pangwang/following{/other_user}
key:gists_url
val:https://api.github.com/users/pangwang/gists{/gist_id}
key:starred_url
val:https://api.github.com/users/pangwang/starred{/owner}{/repo}
key:subscriptions_url
val:https://api.github.com/users/pangwang/subscriptions
key:organizations_url
val:https://api.github.com/users/pangwang/orgs
key:repos_url
val:https://api.github.com/users/pangwang/repos
key:events_url
val:https://api.github.com/users/pangwang/events{/privacy}
key:received_events_url
val:https://api.github.com/users/pangwang/received_events
key:type
val:User
key:site_admin
val:false
key:name
val:null
key:company
val:null
key:blog
val:
key:location
val:null
key:email
val:null
key:hireable
val:null
key:bio
val:null
key:public_repos
val:2
key:public_gists
val:0
key:followers
val:0
key:following
val:0
key:created_at
val:2016-05-30T01:14:37Z
key:updated_at
val:2017-05-26T02:23:48Z
*************** debug log end ***************

[2017-09-25 15:31:55.295] [DEBUG] debugLogger - 
*************** debug log start ***************
key:login
val:panwang
key:id
val:6198434
key:avatar_url
val:https://avatars1.githubusercontent.com/u/6198434?v=4
key:gravatar_id
val:
key:url
val:https://api.github.com/users/panwang
key:html_url
val:https://github.com/panwang
key:followers_url
val:https://api.github.com/users/panwang/followers
key:following_url
val:https://api.github.com/users/panwang/following{/other_user}
key:gists_url
val:https://api.github.com/users/panwang/gists{/gist_id}
key:starred_url
val:https://api.github.com/users/panwang/starred{/owner}{/repo}
key:subscriptions_url
val:https://api.github.com/users/panwang/subscriptions
key:organizations_url
val:https://api.github.com/users/panwang/orgs
key:repos_url
val:https://api.github.com/users/panwang/repos
key:events_url
val:https://api.github.com/users/panwang/events{/privacy}
key:received_events_url
val:https://api.github.com/users/panwang/received_events
key:type
val:User
key:site_admin
val:false
key:name
val:Aron wang
key:company
val:null
key:blog
val:
key:location
val:null
key:email
val:null
key:hireable
val:null
key:bio
val:null
key:public_repos
val:27
key:public_gists
val:0
key:followers
val:0
key:following
val:1
key:created_at
val:2013-12-16T15:49:43Z
key:updated_at
val:2017-07-05T03:21:53Z
*************** debug log end ***************

[2017-09-25 15:32:24.284] [DEBUG] debugLogger - 
*************** debug log start ***************
key:login
val:panwang
key:id
val:6198434
key:avatar_url
val:https://avatars1.githubusercontent.com/u/6198434?v=4
key:gravatar_id
val:
key:url
val:https://api.github.com/users/panwang
key:html_url
val:https://github.com/panwang
key:followers_url
val:https://api.github.com/users/panwang/followers
key:following_url
val:https://api.github.com/users/panwang/following{/other_user}
key:gists_url
val:https://api.github.com/users/panwang/gists{/gist_id}
key:starred_url
val:https://api.github.com/users/panwang/starred{/owner}{/repo}
key:subscriptions_url
val:https://api.github.com/users/panwang/subscriptions
key:organizations_url
val:https://api.github.com/users/panwang/orgs
key:repos_url
val:https://api.github.com/users/panwang/repos
key:events_url
val:https://api.github.com/users/panwang/events{/privacy}
key:received_events_url
val:https://api.github.com/users/panwang/received_events
key:type
val:User
key:site_admin
val:false
key:name
val:Aron wang
key:company
val:null
key:blog
val:
key:location
val:null
key:email
val:null
key:hireable
val:null
key:bio
val:null
key:public_repos
val:27
key:public_gists
val:0
key:followers
val:0
key:following
val:1
key:created_at
val:2013-12-16T15:49:43Z
key:updated_at
val:2017-07-05T03:21:53Z
*************** debug log end ***************

[2017-09-25 15:32:24.598] [DEBUG] debugLogger - 
*************** debug log start ***************
key:login
val:panwang
key:id
val:6198434
key:avatar_url
val:https://avatars1.githubusercontent.com/u/6198434?v=4
key:gravatar_id
val:
key:url
val:https://api.github.com/users/panwang
key:html_url
val:https://github.com/panwang
key:followers_url
val:https://api.github.com/users/panwang/followers
key:following_url
val:https://api.github.com/users/panwang/following{/other_user}
key:gists_url
val:https://api.github.com/users/panwang/gists{/gist_id}
key:starred_url
val:https://api.github.com/users/panwang/starred{/owner}{/repo}
key:subscriptions_url
val:https://api.github.com/users/panwang/subscriptions
key:organizations_url
val:https://api.github.com/users/panwang/orgs
key:repos_url
val:https://api.github.com/users/panwang/repos
key:events_url
val:https://api.github.com/users/panwang/events{/privacy}
key:received_events_url
val:https://api.github.com/users/panwang/received_events
key:type
val:User
key:site_admin
val:false
key:name
val:Aron wang
key:company
val:null
key:blog
val:
key:location
val:null
key:email
val:null
key:hireable
val:null
key:bio
val:null
key:public_repos
val:27
key:public_gists
val:0
key:followers
val:0
key:following
val:1
key:created_at
val:2013-12-16T15:49:43Z
key:updated_at
val:2017-07-05T03:21:53Z
*************** debug log end ***************

[2017-09-25 15:33:18.521] [DEBUG] debugLogger - 
*************** debug log start ***************
key:msg
val:botting server..a.
*************** debug log end ***************

[2017-09-25 15:33:21.019] [DEBUG] debugLogger - 
*************** debug log start ***************
key:login
val:pangwang
key:id
val:19640320
key:avatar_url
val:https://avatars3.githubusercontent.com/u/19640320?v=4
key:gravatar_id
val:
key:url
val:https://api.github.com/users/pangwang
key:html_url
val:https://github.com/pangwang
key:followers_url
val:https://api.github.com/users/pangwang/followers
key:following_url
val:https://api.github.com/users/pangwang/following{/other_user}
key:gists_url
val:https://api.github.com/users/pangwang/gists{/gist_id}
key:starred_url
val:https://api.github.com/users/pangwang/starred{/owner}{/repo}
key:subscriptions_url
val:https://api.github.com/users/pangwang/subscriptions
key:organizations_url
val:https://api.github.com/users/pangwang/orgs
key:repos_url
val:https://api.github.com/users/pangwang/repos
key:events_url
val:https://api.github.com/users/pangwang/events{/privacy}
key:received_events_url
val:https://api.github.com/users/pangwang/received_events
key:type
val:User
key:site_admin
val:false
key:name
val:null
key:company
val:null
key:blog
val:
key:location
val:null
key:email
val:null
key:hireable
val:null
key:bio
val:null
key:public_repos
val:2
key:public_gists
val:0
key:followers
val:0
key:following
val:0
key:created_at
val:2016-05-30T01:14:37Z
key:updated_at
val:2017-05-26T02:23:48Z
*************** debug log end ***************

[2017-09-25 15:33:21.604] [DEBUG] debugLogger - 
*************** debug log start ***************
key:login
val:pangwang
key:id
val:19640320
key:avatar_url
val:https://avatars3.githubusercontent.com/u/19640320?v=4
key:gravatar_id
val:
key:url
val:https://api.github.com/users/pangwang
key:html_url
val:https://github.com/pangwang
key:followers_url
val:https://api.github.com/users/pangwang/followers
key:following_url
val:https://api.github.com/users/pangwang/following{/other_user}
key:gists_url
val:https://api.github.com/users/pangwang/gists{/gist_id}
key:starred_url
val:https://api.github.com/users/pangwang/starred{/owner}{/repo}
key:subscriptions_url
val:https://api.github.com/users/pangwang/subscriptions
key:organizations_url
val:https://api.github.com/users/pangwang/orgs
key:repos_url
val:https://api.github.com/users/pangwang/repos
key:events_url
val:https://api.github.com/users/pangwang/events{/privacy}
key:received_events_url
val:https://api.github.com/users/pangwang/received_events
key:type
val:User
key:site_admin
val:false
key:name
val:null
key:company
val:null
key:blog
val:
key:location
val:null
key:email
val:null
key:hireable
val:null
key:bio
val:null
key:public_repos
val:2
key:public_gists
val:0
key:followers
val:0
key:following
val:0
key:created_at
val:2016-05-30T01:14:37Z
key:updated_at
val:2017-05-26T02:23:48Z
*************** debug log end ***************

[2017-09-25 15:41:17.421] [DEBUG] debugLogger - 
*************** debug log start ***************
key:msg
val:botting server..a.
*************** debug log end ***************

[2017-09-25 15:42:00.993] [DEBUG] debugLogger - 
*************** debug log start ***************
key:msg
val:botting server..a.
*************** debug log end ***************

[2017-09-25 15:43:51.273] [DEBUG] debugLogger - 
*************** debug log start ***************
key:msg
val:botting server..a.
*************** debug log end ***************

[2017-09-25 15:44:14.536] [DEBUG] debugLogger - 
*************** debug log start ***************
key:msg
val:botting server..a.
*************** debug log end ***************

[2017-09-25 15:44:30.832] [DEBUG] debugLogger - 
*************** debug log start ***************
key:msg
val:botting server..a.
*************** debug log end ***************

[2017-09-25 15:45:02.502] [DEBUG] debugLogger - 
*************** debug log start ***************
key:msg
val:botting server..a.
*************** debug log end ***************

[2017-09-25 15:46:18.956] [DEBUG] debugLogger - 
*************** debug log start ***************
key:msg
val:botting server..a.
*************** debug log end ***************

[2017-09-25 15:46:55.363] [DEBUG] debugLogger - 
*************** debug log start ***************
key:msg
val:botting server..a.
*************** debug log end ***************

