[2017-09-25 13:45:21.602] [DEBUG] debugLogger - 
*************** debug log start ***************
key:msg
val:botting server..a.
*************** debug log end ***************

[2017-09-25 13:45:30.201] [DEBUG] debugLogger - 
*************** debug log start ***************
key:msg
val:botting server..a.
*************** debug log end ***************

[2017-09-25 13:46:08.991] [DEBUG] debugLogger - 
*************** debug log start ***************
key:msg
val:botting server..a.
*************** debug log end ***************

[2017-09-25 13:54:26.562] [DEBUG] debugLogger - 
*************** debug log start ***************
key:msg
val:botting server..a.
*************** debug log end ***************

[2017-09-25 13:54:47.915] [DEBUG] debugLogger - 
*************** debug log start ***************
key:msg
val:botting server..a.
*************** debug log end ***************

[2017-09-25 13:56:44.947] [DEBUG] debugLogger - 
*************** debug log start ***************
key:msg
val:botting server..a.
*************** debug log end ***************

[2017-09-25 13:56:48.331] [DEBUG] debugLogger - 
*************** debug log start ***************
key:msg
val:botting server..a.
*************** debug log end ***************

